{"numTotalTestSuites":2,"numPassedTestSuites":0,"numFailedTestSuites":2,"numPendingTestSuites":0,"numTotalTests":3,"numPassedTests":1,"numFailedTests":1,"numPendingTests":1,"numTodoTests":0,"snapshot":{"added":0,"failure":false,"filesAdded":0,"filesRemoved":0,"filesRemovedList":[],"filesUnmatched":0,"filesUpdated":0,"matched":0,"total":0,"unchecked":0,"uncheckedKeysByFile":[],"unmatched":0,"updated":0,"didUpdate":false},"startTime":1789179684270,"success":false,"testResults":[{"assertionResults":[{"ancestorTitles":["add"],"fullName":"add adds two positive numbers","status":"passed","title":"adds two positive numbers","duration":0.962292000000005,"failureMessages":[],"meta":{},"tags":[],"benchmarks":[]},{"ancestorTitles":["add"],"fullName":"add adds a negative number","status":"failed","title":"adds a negative number","duration":3.100583999999998,"failureMessages":["AssertionError: expected -1 to be 999 // Object.is equality\n    at /private/tmp/corvint-public-release-20260912/js-fixture/math.test.js:12:24\n    at file:///private/tmp/corvint-public-release-20260912/js-fixture/node_modules/vitest/dist/chunks/run.CQOUYP-x.js:1628:35\n    at file:///private/tmp/corvint-public-release-20260912/js-fixture/node_modules/vitest/dist/chunks/run.CQOUYP-x.js:2783:26\n    at file:///private/tmp/corvint-public-release-20260912/js-fixture/node_modules/vitest/dist/chunks/run.CQOUYP-x.js:3319:20\n    at new Promise (<anonymous>)\n    at runWithCancel (file:///private/tmp/corvint-public-release-20260912/js-fixture/node_modules/vitest/dist/chunks/run.CQOUYP-x.js:3314:10)\n    at file:///private/tmp/corvint-public-release-20260912/js-fixture/node_modules/vitest/dist/chunks/run.CQOUYP-x.js:3299:20\n    at new Promise (<anonymous>)\n    at runWithTimeout (file:///private/tmp/corvint-public-release-20260912/js-fixture/node_modules/vitest/dist/chunks/run.CQOUYP-x.js:3257:10)\n    at file:///private/tmp/corvint-public-release-20260912/js-fixture/node_modules/vitest/dist/chunks/run.CQOUYP-x.js:3876:64"],"meta":{},"tags":[],"benchmarks":[]},{"ancestorTitles":["add"],"fullName":"add is skipped on purpose","status":"skipped","title":"is skipped on purpose","failureMessages":[],"meta":{},"tags":[],"benchmarks":[]}],"startTime":1789179684390,"endTime":1789179684394.1006,"status":"failed","message":"","name":"/private/tmp/corvint-public-release-20260912/js-fixture/math.test.js"}]}