{"numTotalTestSuites":1,"numPassedTestSuites":0,"numFailedTestSuites":1,"numPendingTestSuites":0,"numTotalTests":1,"numPassedTests":1,"numFailedTests":0,"numPendingTests":0,"numTodoTests":0,"snapshot":{"added":0,"failure":false,"filesAdded":0,"filesRemoved":0,"filesRemovedList":[],"filesUnmatched":0,"filesUpdated":0,"matched":0,"total":0,"unchecked":0,"uncheckedKeysByFile":[],"unmatched":0,"updated":0,"didUpdate":false},"startTime":1789271034055,"success":false,"testResults":[{"assertionResults":[{"ancestorTitles":[],"fullName":"passes","status":"passed","title":"passes","duration":0.9917500000001382,"failureMessages":[],"meta":{},"tags":[],"benchmarks":[]}],"startTime":1789271035453,"endTime":1789271035453.9917,"status":"failed","message":"teardown exploded","name":"/fixture/hook.test.js"}]}