{"numTotalTestSuites":1,"numPassedTestSuites":1,"numFailedTestSuites":0,"numPendingTestSuites":0,"numTotalTests":1,"numPassedTests":1,"numFailedTests":0,"numPendingTests":0,"numTodoTests":0,"snapshot":{"added":0,"failure":false,"filesAdded":0,"filesRemoved":0,"filesRemovedList":[],"filesUnmatched":0,"filesUpdated":0,"matched":0,"total":0,"unchecked":0,"uncheckedKeysByFile":[],"unmatched":0,"updated":0,"didUpdate":false},"startTime":1789275265891,"success":true,"testResults":[{"assertionResults":[{"ancestorTitles":[],"fullName":"passes but leaves an unhandled error behind","status":"passed","title":"passes but leaves an unhandled error behind","duration":2.188625000000002,"failureMessages":[],"meta":{},"tags":[],"benchmarks":[]}],"startTime":1789275266074,"endTime":1789275266076.1887,"status":"passed","message":"","name":"/fixture/unhandled.test.js"}]}
